
整体情况: 总座位 1269 | 已占用 196 | 使用率 15.4%
----------------------------------------
📍 场馆分布:
  [建筑馆]: 97/487 (19.9%)
  [理工馆]: 99/782 (12.7%)

🔥 最拥挤区域 (TOP 3):
  建筑馆-北楼一楼阅览室: 26.8% 满 (已用 26 个)
  建筑馆-北楼二楼阅览室: 25.6% 满 (已用 34 个)
  建筑馆-北楼三楼阅览室: 18.8% 满 (已用 25 个)
========================================


💤 本轮结束，等待 30.0 分钟后进行下一次扫描...

=== 新一轮扫描开始: 2026-05-14 10:03:17 ===
[1] 登录并获取身份凭证...

[2] 开始全局座位扫描...
[*] 获取楼栋列表...
  [-] 获取楼栋 1982734372302852096 的房间...
  -> 正在抓取: 理工馆 - 东楼一楼（博雅）
  -> 正在抓取: 理工馆 - 东楼二楼
  -> 正在抓取: 理工馆 - 东楼二楼过厅
  -> 正在抓取: 理工馆 - 东楼三楼
  -> 正在抓取: 理工馆 - 报刊阅览室
  -> 正在抓取: 理工馆 - 逸夫楼二楼
  -> 正在抓取: 理工馆 - 逸夫楼三楼
  [-] 获取楼栋 1982756746091925504 的房间...
  -> 正在抓取: 建筑馆 - 北楼一楼阅览室
  -> 正在抓取: 建筑馆 - 北楼二楼阅览室
  -> 正在抓取: 建筑馆 - 北楼三楼阅览室
  -> 正在抓取: 建筑馆 - 南楼二楼报刊阅览室
  -> 正在抓取: 建筑馆 - 南楼三楼报刊阅览室
  -> 正在抓取: 建筑馆 - 南楼二楼书库
  -> 正在抓取: 建筑馆 - 南楼三楼书库

[3] 扫描完成！共采集到 1270 个座位数据。
正在保存至: data_collection/seats_log_20260514_100317.csv
🎉 数据持久化成功！

========================================
📊 实时数据简报 - 2026-05-14 10:03:39
整体情况: 总座位 1270 | 已占用 267 | 使用率 21.0%
----------------------------------------
📍 场馆分布:
  [建筑馆]: 131/487 (26.9%)
  [理工馆]: 136/783 (17.4%)

🔥 最拥挤区域 (TOP 3):
  建筑馆-北楼一楼阅览室: 37.1% 满 (已用 36 个)
  建筑馆-北楼二楼阅览室: 34.6% 满 (已用 46 个)
  理工馆-逸夫楼二楼: 24.0% 满 (已用 53 个)
========================================


💤 本轮结束，等待 30.0 分钟后进行下一次扫描...

=== 新一轮扫描开始: 2026-05-14 10:33:39 ===
[1] 登录并获取身份凭证...

[2] 开始全局座位扫描...
[*] 获取楼栋列表...
  [-] 获取楼栋 1982734372302852096 的房间...
  -> 正在抓取: 理工馆 - 东楼一楼（博雅）
  -> 正在抓取: 理工馆 - 东楼二楼
  -> 正在抓取: 理工馆 - 东楼二楼过厅
  -> 正在抓取: 理工馆 - 东楼三楼
  -> 正在抓取: 理工馆 - 报刊阅览室
  -> 正在抓取: 理工馆 - 逸夫楼二楼
  -> 正在抓取: 理工馆 - 逸夫楼三楼
  [-] 获取楼栋 1982756746091925504 的房间...
  -> 正在抓取: 建筑馆 - 北楼一楼阅览室
  -> 正在抓取: 建筑馆 - 北楼二楼阅览室
  -> 正在抓取: 建筑馆 - 北楼三楼阅览室
  -> 正在抓取: 建筑馆 - 南楼二楼报刊阅览室
  -> 正在抓取: 建筑馆 - 南楼三楼报刊阅览室
  -> 正在抓取: 建筑馆 - 南楼二楼书库
  -> 正在抓取: 建筑馆 - 南楼三楼书库

[3] 扫描完成！共采集到 1270 个座位数据。
正在保存至: data_collection/seats_log_20260514_103339.csv
🎉 数据持久化成功！

========================================
📊 实时数据简报 - 2026-05-14 10:34:03
整体情况: 总座位 1270 | 已占用 417 | 使用率 32.8%
----------------------------------------
📍 场馆分布:
  [建筑馆]: 178/487 (36.6%)
  [理工馆]: 239/783 (30.5%)

🔥 最拥挤区域 (TOP 3):
  建筑馆-北楼一楼阅览室: 52.6% 满 (已用 51 个)
  建筑馆-北楼二楼阅览室: 44.4% 满 (已用 59 个)
  理工馆-逸夫楼二楼: 38.0% 满 (已用 84 个)
========================================


💤 本轮结束，等待 30.0 分钟后进行下一次扫描...

=== 新一轮扫描开始: 2026-05-14 11:04:03 ===
[1] 登录并获取身份凭证...

[!] 运行出错: HTTPSConnectionPool(host='sso.cqu.edu.cn', port=443): Read timed out. (read timeout=30)

💤 本轮结束，等待 30.0 分钟后进行下一次扫描...

=== 新一轮扫描开始: 2026-05-14 11:34:34 ===
[1] 登录并获取身份凭证...

[!] 运行出错: HTTPSConnectionPool(host='sso.cqu.edu.cn', port=443): Read timed out. (read timeout=30)

💤 本轮结束，等待 30.0 分钟后进行下一次扫描...

=== 新一轮扫描开始: 2026-05-14 12:05:06 ===
[1] 登录并获取身份凭证...

[2] 开始全局座位扫描...
[*] 获取楼栋列表...
  [-] 获取楼栋 1982734372302852096 的房间...
  -> 正在抓取: 理工馆 - 东楼一楼（博雅）
  -> 正在抓取: 理工馆 - 东楼二楼
  -> 正在抓取: 理工馆 - 东楼二楼过厅
  -> 正在抓取: 理工馆 - 东楼三楼
  -> 正在抓取: 理工馆 - 报刊阅览室
  -> 正在抓取: 理工馆 - 逸夫楼二楼
  -> 正在抓取: 理工馆 - 逸夫楼三楼
  [-] 获取楼栋 1982756746091925504 的房间...
  -> 正在抓取: 建筑馆 - 北楼一楼阅览室
  -> 正在抓取: 建筑馆 - 北楼二楼阅览室
  -> 正在抓取: 建筑馆 - 北楼三楼阅览室
  -> 正在抓取: 建筑馆 - 南楼二楼报刊阅览室
  -> 正在抓取: 建筑馆 - 南楼三楼报刊阅览室
  -> 正在抓取: 建筑馆 - 南楼二楼书库
  -> 正在抓取: 建筑馆 - 南楼三楼书库

[3] 扫描完成！共采集到 1270 个座位数据。
正在保存至: data_collection/seats_log_20260514_120506.csv
🎉 数据持久化成功！

========================================
📊 实时数据简报 - 2026-05-14 12:05:26
整体情况: 总座位 1270 | 已占用 288 | 使用率 22.7%
----------------------------------------
📍 场馆分布:
  [建筑馆]: 145/487 (29.8%)
  [理工馆]: 143/783 (18.3%)

🔥 最拥挤区域 (TOP 3):
  建筑馆-北楼一楼阅览室: 44.3% 满 (已用 43 个)
  建筑馆-南楼三楼书库: 37.1% 满 (已用 13 个)
  建筑馆-北楼二楼阅览室: 33.1% 满 (已用 44 个)
========================================


💤 本轮结束，等待 30.0 分钟后进行下一次扫描...

=== 新一轮扫描开始: 2026-05-14 12:35:26 ===
[1] 登录并获取身份凭证...

[2] 开始全局座位扫描...
[*] 获取楼栋列表...
  [-] 获取楼栋 1982734372302852096 的房间...
  -> 正在抓取: 理工馆 - 东楼一楼（博雅）
  -> 正在抓取: 理工馆 - 东楼二楼
  -> 正在抓取: 理工馆 - 东楼二楼过厅
  -> 正在抓取: 理工馆 - 东楼三楼
  -> 正在抓取: 理工馆 - 报刊阅览室
  -> 正在抓取: 理工馆 - 逸夫楼二楼
  -> 正在抓取: 理工馆 - 逸夫楼三楼
  [-] 获取楼栋 1982756746091925504 的房间...
  -> 正在抓取: 建筑馆 - 北楼一楼阅览室
  -> 正在抓取: 建筑馆 - 北楼二楼阅览室
  -> 正在抓取: 建筑馆 - 北楼三楼阅览室
  -> 正在抓取: 建筑馆 - 南楼二楼报刊阅览室
  -> 正在抓取: 建筑馆 - 南楼三楼报刊阅览室
  -> 正在抓取: 建筑馆 - 南楼二楼书库
  -> 正在抓取: 建筑馆 - 南楼三楼书库

[3] 扫描完成！共采集到 1270 个座位数据。
正在保存至: data_collection/seats_log_20260514_123526.csv
🎉 数据持久化成功！

========================================
📊 实时数据简报 - 2026-05-14 12:35:45
整体情况: 总座位 1270 | 已占用 243 | 使用率 19.1%
----------------------------------------
📍 场馆分布:
  [建筑馆]: 125/487 (25.7%)
  [理工馆]: 118/783 (15.1%)

🔥 最拥挤区域 (TOP 3):
  建筑馆-南楼三楼书库: 37.1% 满 (已用 13 个)
  建筑馆-北楼一楼阅览室: 30.9% 满 (已用 30 个)
  建筑馆-南楼二楼报刊阅览室: 29.6% 满 (已用 8 个)
========================================


💤 本轮结束，等待 30.0 分钟后进行下一次扫描...

=== 新一轮扫描开始: 2026-05-14 13:05:45 ===
[1] 登录并获取身份凭证...

[!] 运行出错: HTTPSConnectionPool(host='sso.cqu.edu.cn', port=443): Read timed out. (read timeout=30)

💤 本轮结束，等待 30.0 分钟后进行下一次扫描...

=== 新一轮扫描开始: 2026-05-14 13:36:17 ===
[1] 登录并获取身份凭证...