Fri May  8 02:00:01 UTC 2026: Found changes, starting sync...
[master 084b7c4] Auto-update data: 2026-05-08 02:00:01
 1 file changed, 1 insertion(+)
 create mode 100644 sync_log.log
To github.com:Jacknie666/lib_res.git
   4d6a066..084b7c4  master -> master
Fri May  8 02:00:05 UTC 2026: Push successful!
Fri May  8 03:00:01 UTC 2026: Found changes, starting sync...
[master 8403d29] Auto-update data: 2026-05-08 03:00:01
 1 file changed, 7 insertions(+)
To github.com:Jacknie666/lib_res.git
   084b7c4..8403d29  master -> master
Fri May  8 03:00:04 UTC 2026: Push successful!
Fri May  8 04:00:01 UTC 2026: Found changes, starting sync...
[master 99c3afb] Auto-update data: 2026-05-08 04:00:01
 1 file changed, 6 insertions(+)
To github.com:Jacknie666/lib_res.git
   8403d29..99c3afb  master -> master
Fri May  8 04:00:04 UTC 2026: Push successful!
Fri May  8 05:00:01 UTC 2026: Found changes, starting sync...
[master a9d897d] Auto-update data: 2026-05-08 05:00:01
 1 file changed, 6 insertions(+)
To github.com:Jacknie666/lib_res.git
   99c3afb..a9d897d  master -> master
Fri May  8 05:00:04 UTC 2026: Push successful!
Fri May  8 06:00:01 UTC 2026: Found changes, starting sync...
[master c5db6fe] Auto-update data: 2026-05-08 06:00:01
 1 file changed, 6 insertions(+)
To github.com:Jacknie666/lib_res.git
   a9d897d..c5db6fe  master -> master
Fri May  8 06:00:05 UTC 2026: Push successful!
Fri May  8 07:00:01 UTC 2026: Found changes, starting sync...
[master 138fa61] Auto-update data: 2026-05-08 07:00:01
 1 file changed, 6 insertions(+)
To github.com:Jacknie666/lib_res.git
   c5db6fe..138fa61  master -> master
Fri May  8 07:00:05 UTC 2026: Push successful!
Fri May  8 08:00:01 UTC 2026: Found changes, starting sync...
[master 695a83f] Auto-update data: 2026-05-08 08:00:01
 1 file changed, 6 insertions(+)
To github.com:Jacknie666/lib_res.git
   138fa61..695a83f  master -> master
Fri May  8 08:00:05 UTC 2026: Push successful!
Fri May  8 09:00:01 UTC 2026: Found changes, starting sync...
